<?xml version="1.0" encoding="UTF-8"?>
<!-- Generated by org.testng.reporters.JUnitXMLReporter -->
<testsuite ignored="0" hostname="XIAOMI" failures="1" tests="1" name="Test" time="9.038" errors="0" timestamp="2026-02-06T22:55:52 IST">
  <testcase classname="SimpleGoogleSearch" name="searchGoogle" time="7.414">
    <failure type="java.lang.AssertionError" message="Search failed! expected [true] but found [false]">
      <![CDATA[java.lang.AssertionError: Search failed! expected [true] but found [false]
at SimpleGoogleSearch.searchGoogle(SimpleGoogleSearch.java:31)
at java.base/java.util.ArrayList.forEach(ArrayList.java:1511)
... Removed 28 stack frames]]>
    </failure>
  </testcase> <!-- searchGoogle -->
</testsuite> <!-- Test -->
