<?xml version="1.0" encoding="UTF-8"?>
<!-- Generated by org.testng.reporters.JUnitXMLReporter -->
<testsuite ignored="0" hostname="XIAOMI" failures="0" tests="1" name="Test" time="0.083" errors="0" timestamp="2026-02-06T22:13:31 IST">
  <testcase classname="SimpleGoogleSearch" name="@BeforeClass setup" time="0.034">
    <failure type="java.lang.IllegalStateException" message="The driver executable must exist: C:\drivers\chromedriver.exe">
      <![CDATA[java.lang.IllegalStateException: The driver executable must exist: C:\drivers\chromedriver.exe
at org.openqa.selenium.internal.Require$FileStateChecker.isFile(Require.java:342)
at org.openqa.selenium.remote.service.DriverService.checkExecutable(DriverService.java:147)
at org.openqa.selenium.remote.service.DriverService.findExecutable(DriverService.java:142)
at org.openqa.selenium.chrome.ChromeDriverService.access$000(ChromeDriverService.java:39)
at org.openqa.selenium.chrome.ChromeDriverService$Builder.findDefaultExecutable(ChromeDriverService.java:233)
at org.openqa.selenium.remote.service.DriverService$Builder.build(DriverService.java:437)
at org.openqa.selenium.chrome.ChromeDriverService.createDefaultService(ChromeDriverService.java:128)
at org.openqa.selenium.chrome.ChromeDriver.<init>(ChromeDriver.java:49)
at SimpleGoogleSearch.setup(SimpleGoogleSearch.java:18)
at java.base/java.util.ArrayList.forEach(ArrayList.java:1511)
... Removed 23 stack frames]]>
    </failure>
  </testcase> <!-- @BeforeClass setup -->
  <testcase classname="SimpleGoogleSearch" name="@AfterClass tearDown" time="-1.770396211333E9">
    <skipped/>
  </testcase> <!-- @AfterClass tearDown -->
  <testcase classname="SimpleGoogleSearch" name="searchGoogle" time="0.0">
    <skipped/>
  </testcase> <!-- searchGoogle -->
</testsuite> <!-- Test -->
