<?xml version="1.0" encoding="UTF-8"?>
<testng-results ignored="0" total="1" passed="1" failed="0" skipped="0">
  <reporter-output>
  </reporter-output>
  <suite started-at="2026-04-01T11:19:21 IST" name="Default suite" finished-at="2026-04-01T11:19:26 IST" duration-ms="4849">
    <groups>
    </groups>
    <test started-at="2026-04-01T11:19:21 IST" name="Default test" finished-at="2026-04-01T11:19:26 IST" duration-ms="4849">
      <class name="SimpleGoogleSearch">
        <test-method is-config="true" signature="setup()[pri:0, instance:SimpleGoogleSearch@2b48a640]" started-at="2026-04-01T11:19:21 IST" name="setup" finished-at="2026-04-01T11:19:23 IST" duration-ms="1933" status="PASS">
          <reporter-output>
          </reporter-output>
        </test-method> <!-- setup -->
        <test-method signature="searchGoogle()[pri:0, instance:SimpleGoogleSearch@2b48a640]" started-at="2026-04-01T11:19:23 IST" name="searchGoogle" finished-at="2026-04-01T11:19:26 IST" duration-ms="2577" status="PASS">
          <reporter-output>
          </reporter-output>
        </test-method> <!-- searchGoogle -->
        <test-method is-config="true" signature="tearDown()[pri:0, instance:SimpleGoogleSearch@2b48a640]" started-at="2026-04-01T11:19:26 IST" name="tearDown" finished-at="2026-04-01T11:19:26 IST" duration-ms="307" status="PASS">
          <reporter-output>
          </reporter-output>
        </test-method> <!-- tearDown -->
      </class> <!-- SimpleGoogleSearch -->
    </test> <!-- Default test -->
  </suite> <!-- Default suite -->
</testng-results>
