<?xml version="1.0" encoding="UTF-8"?>
<testng-results ignored="0" total="1" passed="1" failed="0" skipped="0">
  <reporter-output>
  </reporter-output>
  <suite started-at="2026-02-06T22:21:55 IST" name="Default suite" finished-at="2026-02-06T22:22:07 IST" duration-ms="11760">
    <groups>
    </groups>
    <test started-at="2026-02-06T22:21:55 IST" name="Default test" finished-at="2026-02-06T22:22:07 IST" duration-ms="11760">
      <class name="SimpleGoogleSearch">
        <test-method is-config="true" signature="setup()[pri:0, instance:SimpleGoogleSearch@4bb33f74]" started-at="2026-02-06T22:21:55 IST" name="setup" finished-at="2026-02-06T22:22:00 IST" duration-ms="5522" status="PASS">
          <reporter-output>
          </reporter-output>
        </test-method> <!-- setup -->
        <test-method signature="searchGoogle()[pri:0, instance:SimpleGoogleSearch@4bb33f74]" started-at="2026-02-06T22:22:00 IST" name="searchGoogle" finished-at="2026-02-06T22:22:06 IST" duration-ms="5787" status="PASS">
          <reporter-output>
          </reporter-output>
        </test-method> <!-- searchGoogle -->
        <test-method is-config="true" signature="tearDown()[pri:0, instance:SimpleGoogleSearch@4bb33f74]" started-at="2026-02-06T22:22:06 IST" name="tearDown" finished-at="2026-02-06T22:22:07 IST" duration-ms="395" status="PASS">
          <reporter-output>
          </reporter-output>
        </test-method> <!-- tearDown -->
      </class> <!-- SimpleGoogleSearch -->
    </test> <!-- Default test -->
  </suite> <!-- Default suite -->
</testng-results>
